mode: set
assetinventory/assethandler/main.go:30.39,31.30 1 0
assetinventory/assethandler/main.go:31.30,37.36 5 0
assetinventory/assethandler/main.go:37.36,40.4 2 0
assetinventory/assethandler/main.go:41.3,41.11 1 0
assetinventory/assethandler/main.go:45.41,51.16 3 0
assetinventory/assethandler/main.go:51.16,53.3 1 0
assetinventory/assethandler/main.go:55.2,60.16 4 0
assetinventory/assethandler/main.go:60.16,62.3 1 0
assetinventory/assethandler/main.go:64.2,66.22 3 0
assetinventory/assethandler/main.go:70.37,74.17 2 0
assetinventory/assethandler/main.go:74.17,78.17 3 0
assetinventory/assethandler/main.go:78.17,82.4 3 0
assetinventory/assethandler/main.go:83.3,87.17 4 0
assetinventory/assethandler/main.go:87.17,91.4 3 0
assetinventory/assethandler/main.go:93.3,94.17 2 0
assetinventory/assethandler/main.go:94.17,98.4 3 0
assetinventory/assethandler/main.go:100.3,118.17 7 0
assetinventory/assethandler/main.go:118.17,120.4 1 0
assetinventory/assethandler/main.go:122.3,126.42 5 0
assetinventory/assethandler/main.go:127.8,130.3 2 0
assetinventory/assethandler/main.go:132.55,224.16 3 0
assetinventory/assethandler/main.go:224.16,226.3 1 0
assetinventory/assethandler/main.go:227.2,227.48 1 0
assetinventory/assethandler/main.go:230.38,236.16 3 0
assetinventory/assethandler/main.go:236.16,241.3 2 0
assetinventory/assethandler/main.go:243.2,253.54 7 0
assetinventory/assethandler/main.go:253.54,258.3 2 0
assetinventory/assethandler/main.go:261.2,263.4 1 0
assetinventory/assethandler/main.go:266.13,276.16 6 0
assetinventory/assethandler/main.go:276.16,278.3 1 0
assetinventory/assethandler/main.go:280.2,283.47 3 0
assetinventory/assethandler/main.go:283.47,285.3 1 0
assetinventory/assethandler/main.go:286.2,286.52 1 0
assetinventory/assethandler/main.go:286.52,288.3 1 0
assetinventory/assethandler/main.go:290.2,290.52 1 0
assetinventory/assethandler/main.go:290.52,292.3 1 0
assetinventory/assethandler/main.go:293.2,293.56 1 0
assetinventory/assethandler/main.go:293.56,295.3 1 0
assetinventory/assethandler/main.go:297.2,297.57 1 0
assetinventory/assethandler/main.go:297.57,299.3 1 0
assetinventory/assethandler/main.go:301.2,302.44 2 0
assetinventory/assethandler/main.go:302.44,304.3 1 0
