mode: set
assetinventory/cyclonedx/dbcon-cyclonedx/dbcon-cyclonedx.go:33.59,39.16 5 1
assetinventory/cyclonedx/dbcon-cyclonedx/dbcon-cyclonedx.go:39.16,42.3 2 0
assetinventory/cyclonedx/dbcon-cyclonedx/dbcon-cyclonedx.go:43.2,44.16 2 1
assetinventory/cyclonedx/dbcon-cyclonedx/dbcon-cyclonedx.go:44.16,47.3 2 0
assetinventory/cyclonedx/dbcon-cyclonedx/dbcon-cyclonedx.go:49.2,50.12 2 1
assetinventory/cyclonedx/dbcon-cyclonedx/dbcon-cyclonedx.go:53.61,55.2 1 0
assetinventory/cyclonedx/dbcon-cyclonedx/dbcon-cyclonedx.go:57.49,66.22 3 0
assetinventory/cyclonedx/dbcon-cyclonedx/dbcon-cyclonedx.go:66.22,69.3 2 0
assetinventory/cyclonedx/dbcon-cyclonedx/dbcon-cyclonedx.go:72.2,74.16 3 0
assetinventory/cyclonedx/dbcon-cyclonedx/dbcon-cyclonedx.go:74.16,78.3 3 0
assetinventory/cyclonedx/dbcon-cyclonedx/dbcon-cyclonedx.go:79.2,82.16 4 0
assetinventory/cyclonedx/dbcon-cyclonedx/dbcon-cyclonedx.go:82.16,86.3 3 0
assetinventory/cyclonedx/dbcon-cyclonedx/dbcon-cyclonedx.go:88.2,93.16 5 0
assetinventory/cyclonedx/dbcon-cyclonedx/dbcon-cyclonedx.go:93.16,97.3 3 0
assetinventory/cyclonedx/dbcon-cyclonedx/dbcon-cyclonedx.go:99.2,99.13 1 0
assetinventory/cyclonedx/dbcon-cyclonedx/dbcon-cyclonedx.go:102.78,114.16 5 1
assetinventory/cyclonedx/dbcon-cyclonedx/dbcon-cyclonedx.go:114.16,115.34 1 1
assetinventory/cyclonedx/dbcon-cyclonedx/dbcon-cyclonedx.go:115.34,118.18 2 1
assetinventory/cyclonedx/dbcon-cyclonedx/dbcon-cyclonedx.go:118.18,120.5 1 1
assetinventory/cyclonedx/dbcon-cyclonedx/dbcon-cyclonedx.go:121.9,123.4 1 1
assetinventory/cyclonedx/dbcon-cyclonedx/dbcon-cyclonedx.go:124.8,127.17 2 1
assetinventory/cyclonedx/dbcon-cyclonedx/dbcon-cyclonedx.go:127.17,129.4 1 1
assetinventory/cyclonedx/dbcon-cyclonedx/dbcon-cyclonedx.go:132.2,132.12 1 1
assetinventory/cyclonedx/dbcon-cyclonedx/dbcon-cyclonedx.go:135.63,138.16 3 1
assetinventory/cyclonedx/dbcon-cyclonedx/dbcon-cyclonedx.go:138.16,140.3 1 1
assetinventory/cyclonedx/dbcon-cyclonedx/dbcon-cyclonedx.go:140.8,140.37 1 1
assetinventory/cyclonedx/dbcon-cyclonedx/dbcon-cyclonedx.go:140.37,142.3 1 1
assetinventory/cyclonedx/dbcon-cyclonedx/dbcon-cyclonedx.go:143.2,143.12 1 1
assetinventory/cyclonedx/dbcon-cyclonedx/dbcon-cyclonedx.go:147.58,152.40 2 1
assetinventory/cyclonedx/dbcon-cyclonedx/dbcon-cyclonedx.go:152.40,154.3 1 1
assetinventory/cyclonedx/dbcon-cyclonedx/dbcon-cyclonedx.go:154.8,157.3 2 1
assetinventory/cyclonedx/dbcon-cyclonedx/dbcon-cyclonedx.go:160.2,164.37 3 1
assetinventory/cyclonedx/dbcon-cyclonedx/dbcon-cyclonedx.go:164.37,165.34 1 1
assetinventory/cyclonedx/dbcon-cyclonedx/dbcon-cyclonedx.go:165.34,170.4 2 1
assetinventory/cyclonedx/dbcon-cyclonedx/dbcon-cyclonedx.go:171.3,174.9 2 1
assetinventory/cyclonedx/dbcon-cyclonedx/dbcon-cyclonedx.go:178.2,179.44 2 1
assetinventory/cyclonedx/dbcon-cyclonedx/dbcon-cyclonedx.go:179.44,184.3 2 1
assetinventory/cyclonedx/dbcon-cyclonedx/dbcon-cyclonedx.go:186.2,186.57 1 1
assetinventory/cyclonedx/dbcon-cyclonedx/dbcon-cyclonedx.go:189.59,191.16 2 0
assetinventory/cyclonedx/dbcon-cyclonedx/dbcon-cyclonedx.go:191.16,195.3 3 0
assetinventory/cyclonedx/dbcon-cyclonedx/dbcon-cyclonedx.go:197.2,197.40 1 0
assetinventory/cyclonedx/dbcon-cyclonedx/dbcon-cyclonedx.go:200.60,202.16 2 0
assetinventory/cyclonedx/dbcon-cyclonedx/dbcon-cyclonedx.go:202.16,206.3 3 0
assetinventory/cyclonedx/dbcon-cyclonedx/dbcon-cyclonedx.go:208.2,208.98 1 0
assetinventory/cyclonedx/dbcon-cyclonedx/dbhandler-cyclonedx.go:27.110,29.2 1 0
assetinventory/cyclonedx/dbcon-cyclonedx/dbhandler-cyclonedx.go:30.127,32.2 1 0
assetinventory/cyclonedx/dbcon-cyclonedx/dbhandler-cyclonedx.go:33.106,35.2 1 0
assetinventory/cyclonedx/dbcon-cyclonedx/dbhandler-cyclonedx.go:38.125,40.2 1 0
assetinventory/cyclonedx/dbcon-cyclonedx/dbhandler-cyclonedx.go:43.105,45.2 1 0
assetinventory/cyclonedx/dbcon-cyclonedx/dbhandler-cyclonedx.go:46.131,48.2 1 0
assetinventory/cyclonedx/dbcon-cyclonedx/dbhandler-cyclonedx.go:49.89,52.16 3 0
assetinventory/cyclonedx/dbcon-cyclonedx/dbhandler-cyclonedx.go:52.16,54.3 1 0
assetinventory/cyclonedx/dbcon-cyclonedx/dbhandler-cyclonedx.go:55.2,56.20 2 0
assetinventory/cyclonedx/dbcon-cyclonedx/dbhandler-cyclonedx.go:56.20,58.43 2 0
assetinventory/cyclonedx/dbcon-cyclonedx/dbhandler-cyclonedx.go:58.43,60.4 1 0
assetinventory/cyclonedx/dbcon-cyclonedx/dbhandler-cyclonedx.go:61.3,61.34 1 0
assetinventory/cyclonedx/dbcon-cyclonedx/dbhandler-cyclonedx.go:63.2,63.34 1 0
assetinventory/cyclonedx/dbcon-cyclonedx/dbhandler-cyclonedx.go:63.34,65.3 1 0
assetinventory/cyclonedx/dbcon-cyclonedx/dbhandler-cyclonedx.go:66.2,66.21 1 0
assetinventory/cyclonedx/dbcon-cyclonedx/dbhandler-cyclonedx.go:73.82,76.2 2 0
assetinventory/cyclonedx/dbcon-cyclonedx/dbhandler-cyclonedx.go:78.99,81.2 2 0
assetinventory/cyclonedx/dbcon-cyclonedx/dbhandler-cyclonedx.go:82.103,85.2 2 1
assetinventory/cyclonedx/dbcon-cyclonedx/dbhandler-cyclonedx.go:86.118,89.2 2 0
assetinventory/cyclonedx/dbcon-cyclonedx/dbhandler-cyclonedx.go:92.98,95.2 2 1
assetinventory/cyclonedx/dbcon-cyclonedx/dbhandler-cyclonedx.go:96.120,99.2 2 1
assetinventory/cyclonedx/dbcon-cyclonedx/dbhandler-cyclonedx.go:101.124,104.2 2 1
assetinventory/cyclonedx/dbcon-cyclonedx/dbhandler-cyclonedx.go:105.102,108.2 2 1
