mode: set
assetinventory/cyclonedx/dbcon-cyclonedx/dbcon-cyclonedx.go:23.59,29.16 5 0
assetinventory/cyclonedx/dbcon-cyclonedx/dbcon-cyclonedx.go:29.16,32.3 2 0
assetinventory/cyclonedx/dbcon-cyclonedx/dbcon-cyclonedx.go:33.2,34.16 2 0
assetinventory/cyclonedx/dbcon-cyclonedx/dbcon-cyclonedx.go:34.16,37.3 2 0
assetinventory/cyclonedx/dbcon-cyclonedx/dbcon-cyclonedx.go:39.2,40.12 2 0
assetinventory/cyclonedx/dbcon-cyclonedx/dbcon-cyclonedx.go:43.61,45.2 1 0
assetinventory/cyclonedx/dbcon-cyclonedx/dbcon-cyclonedx.go:48.78,55.16 3 1
assetinventory/cyclonedx/dbcon-cyclonedx/dbcon-cyclonedx.go:55.16,57.3 1 1
assetinventory/cyclonedx/dbcon-cyclonedx/dbcon-cyclonedx.go:59.2,59.12 1 1
assetinventory/cyclonedx/dbcon-cyclonedx/dbcon-cyclonedx.go:63.58,67.40 2 1
assetinventory/cyclonedx/dbcon-cyclonedx/dbcon-cyclonedx.go:67.40,69.3 1 1
assetinventory/cyclonedx/dbcon-cyclonedx/dbcon-cyclonedx.go:69.8,72.3 2 1
assetinventory/cyclonedx/dbcon-cyclonedx/dbcon-cyclonedx.go:75.2,79.37 3 1
assetinventory/cyclonedx/dbcon-cyclonedx/dbcon-cyclonedx.go:79.37,80.34 1 1
assetinventory/cyclonedx/dbcon-cyclonedx/dbcon-cyclonedx.go:80.34,85.4 2 1
assetinventory/cyclonedx/dbcon-cyclonedx/dbcon-cyclonedx.go:86.3,89.9 2 0
assetinventory/cyclonedx/dbcon-cyclonedx/dbcon-cyclonedx.go:93.2,94.44 2 0
assetinventory/cyclonedx/dbcon-cyclonedx/dbcon-cyclonedx.go:94.44,99.3 2 0
assetinventory/cyclonedx/dbcon-cyclonedx/dbcon-cyclonedx.go:101.2,101.57 1 0
assetinventory/cyclonedx/dbcon-cyclonedx/dbcon-cyclonedx.go:104.59,106.16 2 0
assetinventory/cyclonedx/dbcon-cyclonedx/dbcon-cyclonedx.go:106.16,110.3 3 0
assetinventory/cyclonedx/dbcon-cyclonedx/dbcon-cyclonedx.go:112.2,112.40 1 0
assetinventory/cyclonedx/dbcon-cyclonedx/dbcon-cyclonedx.go:115.60,117.16 2 0
assetinventory/cyclonedx/dbcon-cyclonedx/dbcon-cyclonedx.go:117.16,121.3 3 0
assetinventory/cyclonedx/dbcon-cyclonedx/dbcon-cyclonedx.go:123.2,123.98 1 0
assetinventory/cyclonedx/dbcon-cyclonedx/dbhandler-cyclonedx.go:26.110,28.2 1 0
assetinventory/cyclonedx/dbcon-cyclonedx/dbhandler-cyclonedx.go:29.127,31.2 1 0
assetinventory/cyclonedx/dbcon-cyclonedx/dbhandler-cyclonedx.go:32.106,34.2 1 0
assetinventory/cyclonedx/dbcon-cyclonedx/dbhandler-cyclonedx.go:37.125,39.2 1 0
assetinventory/cyclonedx/dbcon-cyclonedx/dbhandler-cyclonedx.go:42.105,44.2 1 0
assetinventory/cyclonedx/dbcon-cyclonedx/dbhandler-cyclonedx.go:45.89,48.16 3 0
assetinventory/cyclonedx/dbcon-cyclonedx/dbhandler-cyclonedx.go:48.16,50.3 1 0
assetinventory/cyclonedx/dbcon-cyclonedx/dbhandler-cyclonedx.go:51.2,52.20 2 0
assetinventory/cyclonedx/dbcon-cyclonedx/dbhandler-cyclonedx.go:52.20,54.43 2 0
assetinventory/cyclonedx/dbcon-cyclonedx/dbhandler-cyclonedx.go:54.43,56.4 1 0
assetinventory/cyclonedx/dbcon-cyclonedx/dbhandler-cyclonedx.go:57.3,57.34 1 0
assetinventory/cyclonedx/dbcon-cyclonedx/dbhandler-cyclonedx.go:59.2,59.34 1 0
assetinventory/cyclonedx/dbcon-cyclonedx/dbhandler-cyclonedx.go:59.34,61.3 1 0
assetinventory/cyclonedx/dbcon-cyclonedx/dbhandler-cyclonedx.go:62.2,62.21 1 0
assetinventory/cyclonedx/dbcon-cyclonedx/dbhandler-cyclonedx.go:69.82,72.2 2 0
assetinventory/cyclonedx/dbcon-cyclonedx/dbhandler-cyclonedx.go:74.99,77.2 2 0
assetinventory/cyclonedx/dbcon-cyclonedx/dbhandler-cyclonedx.go:78.103,81.2 2 1
assetinventory/cyclonedx/dbcon-cyclonedx/dbhandler-cyclonedx.go:82.118,85.2 2 0
assetinventory/cyclonedx/dbcon-cyclonedx/dbhandler-cyclonedx.go:88.98,91.2 2 0
assetinventory/cyclonedx/dbcon-cyclonedx/dbhandler-cyclonedx.go:92.120,95.2 2 1
