mode: set
assetinventory/assethandler/dbcon/dbcon.go:21.59,27.16 5 0
assetinventory/assethandler/dbcon/dbcon.go:27.16,30.3 2 0
assetinventory/assethandler/dbcon/dbcon.go:31.2,32.16 2 0
assetinventory/assethandler/dbcon/dbcon.go:32.16,35.3 2 0
assetinventory/assethandler/dbcon/dbcon.go:37.2,38.12 2 0
assetinventory/assethandler/dbcon/dbcon.go:41.61,43.2 1 0
assetinventory/assethandler/dbcon/dbcon.go:45.49,48.51 2 1
assetinventory/assethandler/dbcon/dbcon.go:48.51,51.3 2 1
assetinventory/assethandler/dbcon/dbcon.go:53.2,56.39 3 1
assetinventory/assethandler/dbcon/dbcon.go:56.39,59.3 2 1
assetinventory/assethandler/dbcon/dbcon.go:60.2,64.45 3 1
assetinventory/assethandler/dbcon/dbcon.go:64.45,67.3 2 1
assetinventory/assethandler/dbcon/dbcon.go:68.2,70.16 3 1
assetinventory/assethandler/dbcon/dbcon.go:70.16,73.3 2 0
assetinventory/assethandler/dbcon/dbcon.go:75.2,75.86 1 1
assetinventory/assethandler/dbcon/dbcon.go:78.55,84.16 3 1
assetinventory/assethandler/dbcon/dbcon.go:84.16,86.34 2 1
assetinventory/assethandler/dbcon/dbcon.go:86.34,88.4 1 0
assetinventory/assethandler/dbcon/dbcon.go:88.9,90.4 1 1
assetinventory/assethandler/dbcon/dbcon.go:91.3,91.9 1 1
assetinventory/assethandler/dbcon/dbcon.go:94.2,94.29 1 0
assetinventory/assethandler/dbcon/dbcon.go:105.66,110.47 4 1
assetinventory/assethandler/dbcon/dbcon.go:110.47,114.3 3 1
assetinventory/assethandler/dbcon/dbcon.go:116.2,117.16 2 1
assetinventory/assethandler/dbcon/dbcon.go:117.16,121.3 3 1
assetinventory/assethandler/dbcon/dbcon.go:128.2,128.150 1 1
assetinventory/assethandler/dbcon/dbcon.go:128.150,132.3 3 1
assetinventory/assethandler/dbcon/dbcon.go:135.2,142.23 6 1
assetinventory/assethandler/dbcon/dbcon.go:142.23,145.3 2 1
assetinventory/assethandler/dbcon/dbcon.go:145.8,148.3 2 1
assetinventory/assethandler/dbcon/dbcon.go:153.70,155.154 2 1
assetinventory/assethandler/dbcon/dbcon.go:155.154,158.3 2 1
assetinventory/assethandler/dbcon/dbcon.go:159.2,159.24 1 1
assetinventory/assethandler/dbcon/dbcon.go:163.135,164.27 1 1
assetinventory/assethandler/dbcon/dbcon.go:164.27,166.41 1 1
assetinventory/assethandler/dbcon/dbcon.go:166.41,171.4 4 1
assetinventory/assethandler/dbcon/dbcon.go:173.3,175.17 3 1
assetinventory/assethandler/dbcon/dbcon.go:175.17,178.4 2 1
assetinventory/assethandler/dbcon/dbcon.go:178.9,181.4 2 1
assetinventory/assethandler/dbcon/dbcon.go:183.2,183.25 1 1
assetinventory/assethandler/dbcon/dbcon.go:187.138,188.31 1 1
assetinventory/assethandler/dbcon/dbcon.go:188.31,190.55 1 1
assetinventory/assethandler/dbcon/dbcon.go:190.55,191.21 1 1
assetinventory/assethandler/dbcon/dbcon.go:191.21,194.13 3 1
assetinventory/assethandler/dbcon/dbcon.go:196.4,196.67 1 1
assetinventory/assethandler/dbcon/dbcon.go:196.67,200.5 3 1
assetinventory/assethandler/dbcon/dbcon.go:200.10,200.22 1 1
assetinventory/assethandler/dbcon/dbcon.go:200.22,203.5 2 1
assetinventory/assethandler/dbcon/dbcon.go:206.3,208.17 3 1
assetinventory/assethandler/dbcon/dbcon.go:208.17,211.4 2 1
assetinventory/assethandler/dbcon/dbcon.go:211.9,214.4 2 1
assetinventory/assethandler/dbcon/dbcon.go:216.2,216.25 1 1
assetinventory/assethandler/dbcon/dbcon.go:220.138,221.56 1 1
assetinventory/assethandler/dbcon/dbcon.go:221.56,223.43 1 1
assetinventory/assethandler/dbcon/dbcon.go:223.43,224.21 1 1
assetinventory/assethandler/dbcon/dbcon.go:224.21,227.13 3 1
assetinventory/assethandler/dbcon/dbcon.go:229.4,229.55 1 1
assetinventory/assethandler/dbcon/dbcon.go:229.55,231.5 1 1
assetinventory/assethandler/dbcon/dbcon.go:231.10,231.22 1 1
assetinventory/assethandler/dbcon/dbcon.go:231.22,234.5 2 1
assetinventory/assethandler/dbcon/dbcon.go:236.4,236.59 1 1
assetinventory/assethandler/dbcon/dbcon.go:236.59,237.59 1 1
assetinventory/assethandler/dbcon/dbcon.go:237.59,239.6 1 1
assetinventory/assethandler/dbcon/dbcon.go:243.3,245.17 3 1
assetinventory/assethandler/dbcon/dbcon.go:245.17,248.4 2 1
assetinventory/assethandler/dbcon/dbcon.go:248.9,251.4 2 1
assetinventory/assethandler/dbcon/dbcon.go:253.2,253.25 1 1
assetinventory/assethandler/dbcon/dbcon.go:257.138,258.31 1 1
assetinventory/assethandler/dbcon/dbcon.go:258.31,261.49 2 1
assetinventory/assethandler/dbcon/dbcon.go:261.49,264.4 2 1
assetinventory/assethandler/dbcon/dbcon.go:266.3,267.48 2 1
assetinventory/assethandler/dbcon/dbcon.go:267.48,270.83 2 1
assetinventory/assethandler/dbcon/dbcon.go:270.83,273.13 3 1
assetinventory/assethandler/dbcon/dbcon.go:275.4,275.77 1 1
assetinventory/assethandler/dbcon/dbcon.go:275.77,278.13 3 1
assetinventory/assethandler/dbcon/dbcon.go:281.4,281.31 1 1
assetinventory/assethandler/dbcon/dbcon.go:281.31,287.5 5 1
assetinventory/assethandler/dbcon/dbcon.go:287.10,290.5 2 1
assetinventory/assethandler/dbcon/dbcon.go:294.3,294.27 1 1
assetinventory/assethandler/dbcon/dbcon.go:294.27,296.96 2 1
assetinventory/assethandler/dbcon/dbcon.go:296.96,299.5 2 1
assetinventory/assethandler/dbcon/dbcon.go:299.10,302.5 2 1
assetinventory/assethandler/dbcon/dbcon.go:305.2,305.25 1 1
assetinventory/assethandler/dbcon/dbcon.go:309.141,310.34 1 1
assetinventory/assethandler/dbcon/dbcon.go:310.34,313.50 2 1
assetinventory/assethandler/dbcon/dbcon.go:313.50,314.24 1 1
assetinventory/assethandler/dbcon/dbcon.go:314.24,317.13 3 1
assetinventory/assethandler/dbcon/dbcon.go:319.4,319.61 1 1
assetinventory/assethandler/dbcon/dbcon.go:319.61,322.5 2 1
assetinventory/assethandler/dbcon/dbcon.go:322.10,325.5 2 1
assetinventory/assethandler/dbcon/dbcon.go:328.3,328.32 1 1
assetinventory/assethandler/dbcon/dbcon.go:328.32,331.18 3 1
assetinventory/assethandler/dbcon/dbcon.go:331.18,334.5 2 1
assetinventory/assethandler/dbcon/dbcon.go:334.10,337.5 2 1
assetinventory/assethandler/dbcon/dbcon.go:340.2,340.25 1 1
assetinventory/assethandler/dbcon/dbcon.go:343.59,345.16 2 0
assetinventory/assethandler/dbcon/dbcon.go:345.16,349.3 3 0
assetinventory/assethandler/dbcon/dbcon.go:351.2,351.40 1 0
assetinventory/assethandler/dbcon/dbcon.go:354.60,356.16 2 0
assetinventory/assethandler/dbcon/dbcon.go:356.16,360.3 3 0
assetinventory/assethandler/dbcon/dbcon.go:362.2,362.98 1 0
assetinventory/assethandler/dbcon/dbhandler.go:26.110,28.2 1 0
assetinventory/assethandler/dbcon/dbhandler.go:29.127,31.2 1 0
assetinventory/assethandler/dbcon/dbhandler.go:32.106,34.2 1 0
assetinventory/assethandler/dbcon/dbhandler.go:37.125,39.2 1 0
assetinventory/assethandler/dbcon/dbhandler.go:42.105,44.2 1 0
assetinventory/assethandler/dbcon/dbhandler.go:45.89,48.16 3 0
assetinventory/assethandler/dbcon/dbhandler.go:48.16,50.3 1 0
assetinventory/assethandler/dbcon/dbhandler.go:51.2,52.20 2 0
assetinventory/assethandler/dbcon/dbhandler.go:52.20,54.43 2 0
assetinventory/assethandler/dbcon/dbhandler.go:54.43,56.4 1 0
assetinventory/assethandler/dbcon/dbhandler.go:57.3,57.34 1 0
assetinventory/assethandler/dbcon/dbhandler.go:59.2,59.34 1 0
assetinventory/assethandler/dbcon/dbhandler.go:59.34,61.3 1 0
assetinventory/assethandler/dbcon/dbhandler.go:62.2,62.21 1 0
assetinventory/assethandler/dbcon/dbhandler.go:70.82,73.2 2 0
assetinventory/assethandler/dbcon/dbhandler.go:75.99,78.2 2 0
assetinventory/assethandler/dbcon/dbhandler.go:79.103,82.2 2 1
assetinventory/assethandler/dbcon/dbhandler.go:83.118,86.2 2 1
assetinventory/assethandler/dbcon/dbhandler.go:88.98,91.2 2 0
assetinventory/assethandler/dbcon/dbhandler.go:93.120,96.2 2 1
