mode: set
assetinventory/assethandler/dbcon/dbcon.go:23.59,29.16 5 1
assetinventory/assethandler/dbcon/dbcon.go:29.16,32.3 2 0
assetinventory/assethandler/dbcon/dbcon.go:33.2,34.16 2 1
assetinventory/assethandler/dbcon/dbcon.go:34.16,37.3 2 0
assetinventory/assethandler/dbcon/dbcon.go:39.2,40.12 2 1
assetinventory/assethandler/dbcon/dbcon.go:43.61,45.2 1 0
assetinventory/assethandler/dbcon/dbcon.go:47.40,51.2 2 1
assetinventory/assethandler/dbcon/dbcon.go:53.42,54.33 1 1
assetinventory/assethandler/dbcon/dbcon.go:54.33,55.60 1 1
assetinventory/assethandler/dbcon/dbcon.go:55.60,57.4 1 1
assetinventory/assethandler/dbcon/dbcon.go:59.2,59.13 1 1
assetinventory/assethandler/dbcon/dbcon.go:63.44,64.31 1 1
assetinventory/assethandler/dbcon/dbcon.go:64.31,65.26 1 1
assetinventory/assethandler/dbcon/dbcon.go:65.26,66.61 1 1
assetinventory/assethandler/dbcon/dbcon.go:66.61,68.5 1 1
assetinventory/assethandler/dbcon/dbcon.go:71.2,71.13 1 1
assetinventory/assethandler/dbcon/dbcon.go:74.49,77.51 2 1
assetinventory/assethandler/dbcon/dbcon.go:77.51,80.3 2 1
assetinventory/assethandler/dbcon/dbcon.go:82.2,85.39 3 1
assetinventory/assethandler/dbcon/dbcon.go:85.39,88.3 2 1
assetinventory/assethandler/dbcon/dbcon.go:89.2,93.45 3 1
assetinventory/assethandler/dbcon/dbcon.go:93.45,96.3 2 1
assetinventory/assethandler/dbcon/dbcon.go:97.2,99.16 3 1
assetinventory/assethandler/dbcon/dbcon.go:99.16,102.3 2 0
assetinventory/assethandler/dbcon/dbcon.go:104.2,104.86 1 1
assetinventory/assethandler/dbcon/dbcon.go:107.55,113.16 3 1
assetinventory/assethandler/dbcon/dbcon.go:113.16,115.34 2 1
assetinventory/assethandler/dbcon/dbcon.go:115.34,117.4 1 0
assetinventory/assethandler/dbcon/dbcon.go:117.9,119.4 1 1
assetinventory/assethandler/dbcon/dbcon.go:120.3,120.9 1 1
assetinventory/assethandler/dbcon/dbcon.go:123.2,123.29 1 0
assetinventory/assethandler/dbcon/dbcon.go:134.66,139.47 4 1
assetinventory/assethandler/dbcon/dbcon.go:139.47,143.3 3 1
assetinventory/assethandler/dbcon/dbcon.go:145.2,146.16 2 1
assetinventory/assethandler/dbcon/dbcon.go:146.16,150.3 3 0
assetinventory/assethandler/dbcon/dbcon.go:157.2,157.150 1 1
assetinventory/assethandler/dbcon/dbcon.go:157.150,161.3 3 1
assetinventory/assethandler/dbcon/dbcon.go:164.2,171.23 6 1
assetinventory/assethandler/dbcon/dbcon.go:171.23,174.3 2 1
assetinventory/assethandler/dbcon/dbcon.go:174.8,177.3 2 1
assetinventory/assethandler/dbcon/dbcon.go:182.70,184.154 2 1
assetinventory/assethandler/dbcon/dbcon.go:184.154,187.3 2 0
assetinventory/assethandler/dbcon/dbcon.go:188.2,188.24 1 1
assetinventory/assethandler/dbcon/dbcon.go:192.135,193.27 1 1
assetinventory/assethandler/dbcon/dbcon.go:193.27,195.41 1 1
assetinventory/assethandler/dbcon/dbcon.go:195.41,196.99 1 1
assetinventory/assethandler/dbcon/dbcon.go:196.99,200.5 3 1
assetinventory/assethandler/dbcon/dbcon.go:201.4,204.44 4 1
assetinventory/assethandler/dbcon/dbcon.go:208.3,210.17 3 1
assetinventory/assethandler/dbcon/dbcon.go:210.17,213.4 2 1
assetinventory/assethandler/dbcon/dbcon.go:213.9,216.4 2 1
assetinventory/assethandler/dbcon/dbcon.go:218.2,218.25 1 1
assetinventory/assethandler/dbcon/dbcon.go:222.138,223.31 1 1
assetinventory/assethandler/dbcon/dbcon.go:223.31,225.55 1 1
assetinventory/assethandler/dbcon/dbcon.go:225.55,226.21 1 1
assetinventory/assethandler/dbcon/dbcon.go:226.21,229.13 3 1
assetinventory/assethandler/dbcon/dbcon.go:231.4,231.67 1 1
assetinventory/assethandler/dbcon/dbcon.go:231.67,235.5 3 1
assetinventory/assethandler/dbcon/dbcon.go:235.10,235.22 1 1
assetinventory/assethandler/dbcon/dbcon.go:235.22,238.5 2 1
assetinventory/assethandler/dbcon/dbcon.go:241.3,243.17 3 1
assetinventory/assethandler/dbcon/dbcon.go:243.17,246.4 2 1
assetinventory/assethandler/dbcon/dbcon.go:246.9,249.4 2 1
assetinventory/assethandler/dbcon/dbcon.go:251.2,251.25 1 1
assetinventory/assethandler/dbcon/dbcon.go:255.138,256.56 1 1
assetinventory/assethandler/dbcon/dbcon.go:256.56,258.43 1 1
assetinventory/assethandler/dbcon/dbcon.go:258.43,259.21 1 1
assetinventory/assethandler/dbcon/dbcon.go:259.21,262.13 3 1
assetinventory/assethandler/dbcon/dbcon.go:264.4,264.55 1 1
assetinventory/assethandler/dbcon/dbcon.go:264.55,266.5 1 1
assetinventory/assethandler/dbcon/dbcon.go:266.10,266.22 1 1
assetinventory/assethandler/dbcon/dbcon.go:266.22,269.5 2 1
assetinventory/assethandler/dbcon/dbcon.go:271.4,271.59 1 1
assetinventory/assethandler/dbcon/dbcon.go:271.59,272.59 1 1
assetinventory/assethandler/dbcon/dbcon.go:272.59,274.6 1 1
assetinventory/assethandler/dbcon/dbcon.go:278.3,280.17 3 1
assetinventory/assethandler/dbcon/dbcon.go:280.17,283.4 2 1
assetinventory/assethandler/dbcon/dbcon.go:283.9,286.4 2 1
assetinventory/assethandler/dbcon/dbcon.go:288.2,288.25 1 1
assetinventory/assethandler/dbcon/dbcon.go:292.138,293.31 1 1
assetinventory/assethandler/dbcon/dbcon.go:293.31,296.49 2 1
assetinventory/assethandler/dbcon/dbcon.go:296.49,299.4 2 1
assetinventory/assethandler/dbcon/dbcon.go:301.3,302.48 2 1
assetinventory/assethandler/dbcon/dbcon.go:302.48,305.83 2 1
assetinventory/assethandler/dbcon/dbcon.go:305.83,308.13 3 1
assetinventory/assethandler/dbcon/dbcon.go:310.4,310.77 1 1
assetinventory/assethandler/dbcon/dbcon.go:310.77,313.13 3 1
assetinventory/assethandler/dbcon/dbcon.go:316.4,316.31 1 1
assetinventory/assethandler/dbcon/dbcon.go:316.31,322.5 5 1
assetinventory/assethandler/dbcon/dbcon.go:322.10,325.5 2 1
assetinventory/assethandler/dbcon/dbcon.go:329.3,329.27 1 1
assetinventory/assethandler/dbcon/dbcon.go:329.27,331.96 2 1
assetinventory/assethandler/dbcon/dbcon.go:331.96,334.5 2 1
assetinventory/assethandler/dbcon/dbcon.go:334.10,337.5 2 1
assetinventory/assethandler/dbcon/dbcon.go:340.2,340.25 1 1
assetinventory/assethandler/dbcon/dbcon.go:344.141,345.34 1 1
assetinventory/assethandler/dbcon/dbcon.go:345.34,348.50 2 1
assetinventory/assethandler/dbcon/dbcon.go:348.50,349.24 1 1
assetinventory/assethandler/dbcon/dbcon.go:349.24,352.13 3 1
assetinventory/assethandler/dbcon/dbcon.go:354.4,354.61 1 1
assetinventory/assethandler/dbcon/dbcon.go:354.61,357.5 2 1
assetinventory/assethandler/dbcon/dbcon.go:357.10,360.5 2 1
assetinventory/assethandler/dbcon/dbcon.go:363.3,363.32 1 1
assetinventory/assethandler/dbcon/dbcon.go:363.32,366.18 3 1
assetinventory/assethandler/dbcon/dbcon.go:366.18,369.5 2 1
assetinventory/assethandler/dbcon/dbcon.go:369.10,372.5 2 1
assetinventory/assethandler/dbcon/dbcon.go:375.2,375.25 1 1
assetinventory/assethandler/dbcon/dbcon.go:378.59,380.16 2 0
assetinventory/assethandler/dbcon/dbcon.go:380.16,384.3 3 0
assetinventory/assethandler/dbcon/dbcon.go:386.2,386.40 1 0
assetinventory/assethandler/dbcon/dbcon.go:389.60,391.16 2 0
assetinventory/assethandler/dbcon/dbcon.go:391.16,395.3 3 0
assetinventory/assethandler/dbcon/dbcon.go:397.2,397.98 1 0
assetinventory/assethandler/dbcon/dbhandler.go:26.110,28.2 1 0
assetinventory/assethandler/dbcon/dbhandler.go:29.127,31.2 1 0
assetinventory/assethandler/dbcon/dbhandler.go:32.106,34.2 1 0
assetinventory/assethandler/dbcon/dbhandler.go:37.125,39.2 1 0
assetinventory/assethandler/dbcon/dbhandler.go:42.105,44.2 1 0
assetinventory/assethandler/dbcon/dbhandler.go:45.89,48.16 3 0
assetinventory/assethandler/dbcon/dbhandler.go:48.16,50.3 1 0
assetinventory/assethandler/dbcon/dbhandler.go:51.2,52.20 2 0
assetinventory/assethandler/dbcon/dbhandler.go:52.20,54.43 2 0
assetinventory/assethandler/dbcon/dbhandler.go:54.43,56.4 1 0
assetinventory/assethandler/dbcon/dbhandler.go:57.3,57.34 1 0
assetinventory/assethandler/dbcon/dbhandler.go:59.2,59.34 1 0
assetinventory/assethandler/dbcon/dbhandler.go:59.34,61.3 1 0
assetinventory/assethandler/dbcon/dbhandler.go:62.2,62.21 1 0
assetinventory/assethandler/dbcon/dbhandler.go:70.82,73.2 2 0
assetinventory/assethandler/dbcon/dbhandler.go:75.99,78.2 2 0
assetinventory/assethandler/dbcon/dbhandler.go:79.103,82.2 2 1
assetinventory/assethandler/dbcon/dbhandler.go:83.118,86.2 2 1
assetinventory/assethandler/dbcon/dbhandler.go:88.98,91.2 2 0
assetinventory/assethandler/dbcon/dbhandler.go:93.120,96.2 2 1
assetinventory/assethandler/dbcon/dbhandler.go:97.102,100.2 2 1
