mode: set
assetinventory/networkscan/dbcon-networkscan/dbcon-networkscan.go:79.49,88.22 3 0
assetinventory/networkscan/dbcon-networkscan/dbcon-networkscan.go:88.22,91.3 2 0
assetinventory/networkscan/dbcon-networkscan/dbcon-networkscan.go:94.2,96.16 3 0
assetinventory/networkscan/dbcon-networkscan/dbcon-networkscan.go:96.16,100.3 3 0
assetinventory/networkscan/dbcon-networkscan/dbcon-networkscan.go:101.2,104.16 4 0
assetinventory/networkscan/dbcon-networkscan/dbcon-networkscan.go:104.16,108.3 3 0
assetinventory/networkscan/dbcon-networkscan/dbcon-networkscan.go:110.2,115.16 5 0
assetinventory/networkscan/dbcon-networkscan/dbcon-networkscan.go:115.16,119.3 3 0
assetinventory/networkscan/dbcon-networkscan/dbcon-networkscan.go:121.2,121.13 1 0
assetinventory/networkscan/dbcon-networkscan/dbcon-networkscan.go:124.59,130.16 5 0
assetinventory/networkscan/dbcon-networkscan/dbcon-networkscan.go:130.16,133.3 2 0
assetinventory/networkscan/dbcon-networkscan/dbcon-networkscan.go:134.2,135.16 2 0
assetinventory/networkscan/dbcon-networkscan/dbcon-networkscan.go:135.16,138.3 2 0
assetinventory/networkscan/dbcon-networkscan/dbcon-networkscan.go:140.2,141.12 2 0
assetinventory/networkscan/dbcon-networkscan/dbcon-networkscan.go:144.61,146.2 1 0
assetinventory/networkscan/dbcon-networkscan/dbcon-networkscan.go:148.66,158.42 3 1
assetinventory/networkscan/dbcon-networkscan/dbcon-networkscan.go:158.42,160.8 2 1
assetinventory/networkscan/dbcon-networkscan/dbcon-networkscan.go:164.2,164.56 1 1
assetinventory/networkscan/dbcon-networkscan/dbcon-networkscan.go:164.56,166.49 2 1
assetinventory/networkscan/dbcon-networkscan/dbcon-networkscan.go:166.49,167.44 1 1
assetinventory/networkscan/dbcon-networkscan/dbcon-networkscan.go:167.44,169.38 1 1
assetinventory/networkscan/dbcon-networkscan/dbcon-networkscan.go:169.38,172.6 1 1
assetinventory/networkscan/dbcon-networkscan/dbcon-networkscan.go:174.5,177.10 4 1
assetinventory/networkscan/dbcon-networkscan/dbcon-networkscan.go:180.3,180.50 1 1
assetinventory/networkscan/dbcon-networkscan/dbcon-networkscan.go:180.50,185.4 2 1
assetinventory/networkscan/dbcon-networkscan/dbcon-networkscan.go:185.9,185.20 1 1
assetinventory/networkscan/dbcon-networkscan/dbcon-networkscan.go:185.20,188.4 1 0
assetinventory/networkscan/dbcon-networkscan/dbcon-networkscan.go:192.2,192.48 1 1
assetinventory/networkscan/dbcon-networkscan/dbcon-networkscan.go:192.48,194.56 2 1
assetinventory/networkscan/dbcon-networkscan/dbcon-networkscan.go:194.56,196.44 1 1
assetinventory/networkscan/dbcon-networkscan/dbcon-networkscan.go:196.44,199.41 2 1
assetinventory/networkscan/dbcon-networkscan/dbcon-networkscan.go:199.41,201.6 1 0
assetinventory/networkscan/dbcon-networkscan/dbcon-networkscan.go:202.5,203.10 2 1
assetinventory/networkscan/dbcon-networkscan/dbcon-networkscan.go:206.3,206.13 1 1
assetinventory/networkscan/dbcon-networkscan/dbcon-networkscan.go:206.13,209.4 1 1
assetinventory/networkscan/dbcon-networkscan/dbcon-networkscan.go:212.2,212.20 1 1
assetinventory/networkscan/dbcon-networkscan/dbcon-networkscan.go:215.58,218.42 3 1
assetinventory/networkscan/dbcon-networkscan/dbcon-networkscan.go:218.42,221.17 3 1
assetinventory/networkscan/dbcon-networkscan/dbcon-networkscan.go:221.17,224.4 2 1
assetinventory/networkscan/dbcon-networkscan/dbcon-networkscan.go:225.3,226.19 2 1
assetinventory/networkscan/dbcon-networkscan/dbcon-networkscan.go:227.8,227.23 1 1
assetinventory/networkscan/dbcon-networkscan/dbcon-networkscan.go:227.23,230.3 2 1
assetinventory/networkscan/dbcon-networkscan/dbcon-networkscan.go:232.2,236.16 4 1
assetinventory/networkscan/dbcon-networkscan/dbcon-networkscan.go:236.16,239.3 2 1
assetinventory/networkscan/dbcon-networkscan/dbcon-networkscan.go:240.2,242.25 2 1
assetinventory/networkscan/dbcon-networkscan/dbcon-networkscan.go:245.74,246.25 1 1
assetinventory/networkscan/dbcon-networkscan/dbcon-networkscan.go:246.25,249.3 2 1
assetinventory/networkscan/dbcon-networkscan/dbcon-networkscan.go:251.2,255.42 3 1
assetinventory/networkscan/dbcon-networkscan/dbcon-networkscan.go:255.42,259.3 3 1
assetinventory/networkscan/dbcon-networkscan/dbcon-networkscan.go:259.8,259.23 1 1
assetinventory/networkscan/dbcon-networkscan/dbcon-networkscan.go:259.23,263.3 3 1
assetinventory/networkscan/dbcon-networkscan/dbcon-networkscan.go:264.2,264.18 1 1
assetinventory/networkscan/dbcon-networkscan/dbcon-networkscan.go:264.18,267.3 2 1
assetinventory/networkscan/dbcon-networkscan/dbcon-networkscan.go:267.8,276.37 2 1
assetinventory/networkscan/dbcon-networkscan/dbcon-networkscan.go:276.37,278.18 2 1
assetinventory/networkscan/dbcon-networkscan/dbcon-networkscan.go:278.18,279.13 1 1
assetinventory/networkscan/dbcon-networkscan/dbcon-networkscan.go:281.4,281.43 1 1
assetinventory/networkscan/dbcon-networkscan/dbcon-networkscan.go:281.43,283.19 2 1
assetinventory/networkscan/dbcon-networkscan/dbcon-networkscan.go:283.19,284.16 1 0
assetinventory/networkscan/dbcon-networkscan/dbcon-networkscan.go:286.5,286.34 1 1
assetinventory/networkscan/dbcon-networkscan/dbcon-networkscan.go:286.34,288.6 1 1
assetinventory/networkscan/dbcon-networkscan/dbcon-networkscan.go:291.3,293.9 3 1
assetinventory/networkscan/dbcon-networkscan/dbcon-networkscan.go:298.62,303.16 3 1
assetinventory/networkscan/dbcon-networkscan/dbcon-networkscan.go:303.16,305.34 2 1
assetinventory/networkscan/dbcon-networkscan/dbcon-networkscan.go:305.34,307.4 1 1
assetinventory/networkscan/dbcon-networkscan/dbcon-networkscan.go:307.9,309.4 1 1
assetinventory/networkscan/dbcon-networkscan/dbcon-networkscan.go:311.2,311.29 1 1
assetinventory/networkscan/dbcon-networkscan/dbcon-networkscan.go:311.29,312.36 1 1
assetinventory/networkscan/dbcon-networkscan/dbcon-networkscan.go:312.36,313.21 1 1
assetinventory/networkscan/dbcon-networkscan/dbcon-networkscan.go:313.21,315.5 1 1
assetinventory/networkscan/dbcon-networkscan/dbcon-networkscan.go:318.2,320.16 3 1
assetinventory/networkscan/dbcon-networkscan/dbcon-networkscan.go:320.16,322.3 1 1
assetinventory/networkscan/dbcon-networkscan/dbcon-networkscan.go:322.8,325.3 2 1
assetinventory/networkscan/dbcon-networkscan/dbcon-networkscan.go:328.59,330.16 2 0
assetinventory/networkscan/dbcon-networkscan/dbcon-networkscan.go:330.16,334.3 3 0
assetinventory/networkscan/dbcon-networkscan/dbcon-networkscan.go:336.2,336.40 1 0
assetinventory/networkscan/dbcon-networkscan/dbcon-networkscan.go:339.60,341.16 2 0
assetinventory/networkscan/dbcon-networkscan/dbcon-networkscan.go:341.16,345.3 3 0
assetinventory/networkscan/dbcon-networkscan/dbcon-networkscan.go:347.2,347.98 1 0
assetinventory/networkscan/dbcon-networkscan/dbhandler-networkscan.go:26.110,28.2 1 0
assetinventory/networkscan/dbcon-networkscan/dbhandler-networkscan.go:29.127,31.2 1 0
assetinventory/networkscan/dbcon-networkscan/dbhandler-networkscan.go:32.106,34.2 1 0
assetinventory/networkscan/dbcon-networkscan/dbhandler-networkscan.go:37.125,39.2 1 0
assetinventory/networkscan/dbcon-networkscan/dbhandler-networkscan.go:42.105,44.2 1 0
assetinventory/networkscan/dbcon-networkscan/dbhandler-networkscan.go:45.89,48.16 3 0
assetinventory/networkscan/dbcon-networkscan/dbhandler-networkscan.go:48.16,50.3 1 0
assetinventory/networkscan/dbcon-networkscan/dbhandler-networkscan.go:51.2,52.20 2 0
assetinventory/networkscan/dbcon-networkscan/dbhandler-networkscan.go:52.20,54.43 2 0
assetinventory/networkscan/dbcon-networkscan/dbhandler-networkscan.go:54.43,56.4 1 0
assetinventory/networkscan/dbcon-networkscan/dbhandler-networkscan.go:57.3,57.34 1 0
assetinventory/networkscan/dbcon-networkscan/dbhandler-networkscan.go:59.2,59.34 1 0
assetinventory/networkscan/dbcon-networkscan/dbhandler-networkscan.go:59.34,61.3 1 0
assetinventory/networkscan/dbcon-networkscan/dbhandler-networkscan.go:62.2,62.21 1 0
assetinventory/networkscan/dbcon-networkscan/dbhandler-networkscan.go:69.82,72.2 2 0
assetinventory/networkscan/dbcon-networkscan/dbhandler-networkscan.go:74.99,77.2 2 0
assetinventory/networkscan/dbcon-networkscan/dbhandler-networkscan.go:78.103,81.2 2 1
assetinventory/networkscan/dbcon-networkscan/dbhandler-networkscan.go:83.118,86.2 2 0
assetinventory/networkscan/dbcon-networkscan/dbhandler-networkscan.go:88.98,91.2 2 0
assetinventory/networkscan/dbcon-networkscan/dbhandler-networkscan.go:93.120,96.2 2 1
assetinventory/networkscan/dbcon-networkscan/dbhandler-networkscan.go:97.102,100.2 2 0
