mode: set
assetinventory/networkscan/dbcon-networkscan/dbcon-networkscan.go:92.66,102.42 3 1
assetinventory/networkscan/dbcon-networkscan/dbcon-networkscan.go:102.42,104.8 2 1
assetinventory/networkscan/dbcon-networkscan/dbcon-networkscan.go:108.2,108.56 1 1
assetinventory/networkscan/dbcon-networkscan/dbcon-networkscan.go:108.56,110.49 2 1
assetinventory/networkscan/dbcon-networkscan/dbcon-networkscan.go:110.49,111.44 1 1
assetinventory/networkscan/dbcon-networkscan/dbcon-networkscan.go:111.44,113.38 1 1
assetinventory/networkscan/dbcon-networkscan/dbcon-networkscan.go:113.38,116.6 1 1
assetinventory/networkscan/dbcon-networkscan/dbcon-networkscan.go:118.5,121.10 4 1
assetinventory/networkscan/dbcon-networkscan/dbcon-networkscan.go:124.3,124.50 1 1
assetinventory/networkscan/dbcon-networkscan/dbcon-networkscan.go:124.50,129.4 2 1
assetinventory/networkscan/dbcon-networkscan/dbcon-networkscan.go:129.9,129.20 1 1
assetinventory/networkscan/dbcon-networkscan/dbcon-networkscan.go:129.20,132.4 1 0
assetinventory/networkscan/dbcon-networkscan/dbcon-networkscan.go:136.2,136.48 1 1
assetinventory/networkscan/dbcon-networkscan/dbcon-networkscan.go:136.48,138.56 2 1
assetinventory/networkscan/dbcon-networkscan/dbcon-networkscan.go:138.56,140.44 1 1
assetinventory/networkscan/dbcon-networkscan/dbcon-networkscan.go:140.44,143.41 2 1
assetinventory/networkscan/dbcon-networkscan/dbcon-networkscan.go:143.41,145.6 1 0
assetinventory/networkscan/dbcon-networkscan/dbcon-networkscan.go:146.5,147.10 2 1
assetinventory/networkscan/dbcon-networkscan/dbcon-networkscan.go:150.3,150.13 1 1
assetinventory/networkscan/dbcon-networkscan/dbcon-networkscan.go:150.13,153.4 1 1
assetinventory/networkscan/dbcon-networkscan/dbcon-networkscan.go:156.2,156.20 1 1
assetinventory/networkscan/dbcon-networkscan/dbcon-networkscan.go:159.50,162.16 3 1
assetinventory/networkscan/dbcon-networkscan/dbcon-networkscan.go:162.16,163.34 1 1
assetinventory/networkscan/dbcon-networkscan/dbcon-networkscan.go:163.34,167.18 3 1
assetinventory/networkscan/dbcon-networkscan/dbcon-networkscan.go:167.18,169.5 1 1
assetinventory/networkscan/dbcon-networkscan/dbcon-networkscan.go:170.4,171.14 2 1
assetinventory/networkscan/dbcon-networkscan/dbcon-networkscan.go:173.3,173.67 1 1
assetinventory/networkscan/dbcon-networkscan/dbcon-networkscan.go:176.2,179.16 4 1
assetinventory/networkscan/dbcon-networkscan/dbcon-networkscan.go:179.16,181.3 1 1
assetinventory/networkscan/dbcon-networkscan/dbcon-networkscan.go:182.2,183.12 2 1
assetinventory/networkscan/dbcon-networkscan/dbcon-networkscan.go:185.55,190.16 3 1
assetinventory/networkscan/dbcon-networkscan/dbcon-networkscan.go:190.16,192.34 2 1
assetinventory/networkscan/dbcon-networkscan/dbcon-networkscan.go:192.34,194.4 1 1
assetinventory/networkscan/dbcon-networkscan/dbcon-networkscan.go:194.9,196.4 1 1
assetinventory/networkscan/dbcon-networkscan/dbcon-networkscan.go:197.3,197.9 1 1
assetinventory/networkscan/dbcon-networkscan/dbcon-networkscan.go:200.2,200.29 1 1
assetinventory/networkscan/dbcon-networkscan/dbcon-networkscan.go:203.62,208.16 3 1
assetinventory/networkscan/dbcon-networkscan/dbcon-networkscan.go:208.16,210.34 2 1
assetinventory/networkscan/dbcon-networkscan/dbcon-networkscan.go:210.34,212.4 1 1
assetinventory/networkscan/dbcon-networkscan/dbcon-networkscan.go:212.9,214.4 1 1
assetinventory/networkscan/dbcon-networkscan/dbcon-networkscan.go:216.2,216.29 1 1
assetinventory/networkscan/dbcon-networkscan/dbcon-networkscan.go:216.29,217.36 1 1
assetinventory/networkscan/dbcon-networkscan/dbcon-networkscan.go:217.36,218.21 1 1
assetinventory/networkscan/dbcon-networkscan/dbcon-networkscan.go:218.21,220.5 1 1
assetinventory/networkscan/dbcon-networkscan/dbcon-networkscan.go:223.2,225.16 3 1
assetinventory/networkscan/dbcon-networkscan/dbcon-networkscan.go:225.16,227.3 1 1
assetinventory/networkscan/dbcon-networkscan/dbcon-networkscan.go:227.8,230.3 2 1
assetinventory/networkscan/dbcon-networkscan/dbhandler-networkscan.go:26.110,28.2 1 0
assetinventory/networkscan/dbcon-networkscan/dbhandler-networkscan.go:29.127,31.2 1 0
assetinventory/networkscan/dbcon-networkscan/dbhandler-networkscan.go:32.106,34.2 1 0
assetinventory/networkscan/dbcon-networkscan/dbhandler-networkscan.go:37.125,39.2 1 0
assetinventory/networkscan/dbcon-networkscan/dbhandler-networkscan.go:42.105,44.2 1 0
assetinventory/networkscan/dbcon-networkscan/dbhandler-networkscan.go:45.89,48.16 3 0
assetinventory/networkscan/dbcon-networkscan/dbhandler-networkscan.go:48.16,50.3 1 0
assetinventory/networkscan/dbcon-networkscan/dbhandler-networkscan.go:51.2,52.20 2 0
assetinventory/networkscan/dbcon-networkscan/dbhandler-networkscan.go:52.20,54.43 2 0
assetinventory/networkscan/dbcon-networkscan/dbhandler-networkscan.go:54.43,56.4 1 0
assetinventory/networkscan/dbcon-networkscan/dbhandler-networkscan.go:57.3,57.34 1 0
assetinventory/networkscan/dbcon-networkscan/dbhandler-networkscan.go:59.2,59.34 1 0
assetinventory/networkscan/dbcon-networkscan/dbhandler-networkscan.go:59.34,61.3 1 0
assetinventory/networkscan/dbcon-networkscan/dbhandler-networkscan.go:62.2,62.21 1 0
assetinventory/networkscan/dbcon-networkscan/dbhandler-networkscan.go:69.82,72.2 2 0
assetinventory/networkscan/dbcon-networkscan/dbhandler-networkscan.go:74.99,77.2 2 0
assetinventory/networkscan/dbcon-networkscan/dbhandler-networkscan.go:78.103,81.2 2 1
assetinventory/networkscan/dbcon-networkscan/dbhandler-networkscan.go:83.118,86.2 2 0
assetinventory/networkscan/dbcon-networkscan/dbhandler-networkscan.go:88.98,91.2 2 0
assetinventory/networkscan/dbcon-networkscan/dbhandler-networkscan.go:93.120,96.2 2 1
assetinventory/networkscan/dbcon-networkscan/dbhandler-networkscan.go:97.102,100.2 2 0
assetinventory/networkscan/dbcon-networkscan/dbhandler-networkscan.go:101.96,104.2 2 0
